<?xml version="1.0" encoding="UTF-8"?>
<testsuites>
<testsuite timestamp="2026-05-15T02:09:50" hostname="Felipes-MacBook-Pro.local" package="cal_seq" id="0" name="cover" tests="9" errors="0" failures="0" time="0" skipped="6">
<properties>
<property name="os" value="Darwin"/>
<property name="expect" value="PASS"/>
<property name="status" value="PASS"/>
</properties>
<testcase classname="cover" name="build execution" time="0">
</testcase>
<testcase classname="cover" name="Property ASSERT in cal_seq_wrapper at wrapper.sv:104.13-104.44" time="0" type="ASSERT" location="wrapper.sv:104.13-104.44" id="_witness_.check_assert_wrapper_sv_104_33">
<skipped />
</testcase>
<testcase classname="cover" name="Property ASSERT in cal_seq_wrapper at wrapper.sv:74.13-74.29" time="0" type="ASSERT" location="wrapper.sv:74.13-74.29" id="_witness_.check_assert_wrapper_sv_74_10">
<skipped />
</testcase>
<testcase classname="cover" name="Property ASSERT in cal_seq_wrapper at wrapper.sv:80.13-80.30" time="0" type="ASSERT" location="wrapper.sv:80.13-80.30" id="_witness_.check_assert_wrapper_sv_80_14">
<skipped />
</testcase>
<testcase classname="cover" name="Property ASSERT in cal_seq_wrapper at wrapper.sv:86.13-86.45" time="0" type="ASSERT" location="wrapper.sv:86.13-86.45" id="_witness_.check_assert_wrapper_sv_86_17">
<skipped />
</testcase>
<testcase classname="cover" name="Property ASSERT in cal_seq_wrapper at wrapper.sv:92.13-92.32" time="0" type="ASSERT" location="wrapper.sv:92.13-92.32" id="_witness_.check_assert_wrapper_sv_92_23">
<skipped />
</testcase>
<testcase classname="cover" name="Property ASSERT in cal_seq_wrapper at wrapper.sv:98.13-98.33" time="0" type="ASSERT" location="wrapper.sv:98.13-98.33" id="_witness_.check_assert_wrapper_sv_98_28">
<skipped />
</testcase>
<testcase classname="cover" name="Property COVER in cal_seq_wrapper at wrapper.sv:110.13-110.28" time="0" type="COVER" location="wrapper.sv:110.13-110.28" id="_witness_.check_cover_wrapper_sv_110_37" tracefile="engine_0/trace2.vcd">
</testcase>
<testcase classname="cover" name="Property COVER in cal_seq_wrapper at wrapper.sv:111.13-111.56" time="0" type="COVER" location="wrapper.sv:111.13-111.56" id="_witness_.check_cover_wrapper_sv_111_38" tracefile="engine_0/trace0.vcd">
</testcase>
<testcase classname="cover" name="Property COVER in cal_seq_wrapper at wrapper.sv:112.13-112.56" time="0" type="COVER" location="wrapper.sv:112.13-112.56" id="_witness_.check_cover_wrapper_sv_112_41" tracefile="engine_0/trace1.vcd">
</testcase>
<system-out>SBY  2:09:49 [cal_seq_bmc] Removing directory '/Users/bonetto/bonetto/bonetto-soc/ip/ddr3/formal/cal_seq/cal_seq_bmc'.
SBY  2:09:49 [cal_seq_cover] Removing directory '/Users/bonetto/bonetto/bonetto-soc/ip/ddr3/formal/cal_seq/cal_seq_cover'.
SBY  2:09:49 [cal_seq_cover] Copy '/Users/bonetto/bonetto/bonetto-soc/ip/ddr3/formal/cal_seq/../../rtl/ddr3_cal_seq.v' to '/Users/bonetto/bonetto/bonetto-soc/ip/ddr3/formal/cal_seq/cal_seq_cover/src/ddr3_cal_seq.v'.
SBY  2:09:49 [cal_seq_cover] Copy '/Users/bonetto/bonetto/bonetto-soc/ip/ddr3/formal/cal_seq/wrapper.sv' to '/Users/bonetto/bonetto/bonetto-soc/ip/ddr3/formal/cal_seq/cal_seq_cover/src/wrapper.sv'.
SBY  2:09:49 [cal_seq_cover] engine_0: smtbmc bitwuzla
SBY  2:09:49 [cal_seq_cover] base: starting process &quot;cd cal_seq_cover/src; yosys -ql ../model/design.log ../model/design.ys&quot;
SBY  2:09:49 [cal_seq_cover] base: finished (returncode=0)
SBY  2:09:49 [cal_seq_cover] prep: starting process &quot;cd cal_seq_cover/model; yosys -ql design_prep.log design_prep.ys&quot;
SBY  2:09:50 [cal_seq_cover] prep: finished (returncode=0)
SBY  2:09:50 [cal_seq_cover] smt2: starting process &quot;cd cal_seq_cover/model; yosys -ql design_smt2.log design_smt2.ys&quot;
SBY  2:09:50 [cal_seq_cover] smt2: finished (returncode=0)
SBY  2:09:50 [cal_seq_cover] engine_0: starting process &quot;cd cal_seq_cover; yosys-smtbmc -s bitwuzla --presat --unroll -c --noprogress -t 50  --append 0 --dump-vcd engine_0/trace%.vcd --dump-yw engine_0/trace%.yw --dump-vlogtb engine_0/trace%_tb.v --dump-smtc engine_0/trace%.smtc model/design_smt2.smt2&quot;
SBY  2:09:50 [cal_seq_cover] engine_0: ##   0:00:00  Solver: bitwuzla
SBY  2:09:50 [cal_seq_cover] engine_0: ##   0:00:00  Checking cover reachability in step 0..
SBY  2:09:50 [cal_seq_cover] engine_0: ##   0:00:00  Checking cover reachability in step 1..
SBY  2:09:50 [cal_seq_cover] engine_0: ##   0:00:00  Checking cover reachability in step 2..
SBY  2:09:50 [cal_seq_cover] engine_0: ##   0:00:00  Checking cover reachability in step 3..
SBY  2:09:50 [cal_seq_cover] engine_0: ##   0:00:00  Checking cover reachability in step 4..
SBY  2:09:50 [cal_seq_cover] engine_0: ##   0:00:00  Checking cover reachability in step 5..
SBY  2:09:50 [cal_seq_cover] engine_0: ##   0:00:00  Checking cover reachability in step 6..
SBY  2:09:50 [cal_seq_cover] engine_0: ##   0:00:00  Reached cover statement in step 6 at cal_seq_wrapper: wrapper.sv:111.13-111.56 (_witness_.check_cover_wrapper_sv_111_38)
SBY  2:09:50 [cal_seq_cover] engine_0: ##   0:00:00  Writing trace to VCD file: engine_0/trace0.vcd
SBY  2:09:50 [cal_seq_cover] engine_0: ##   0:00:00  Writing trace to Verilog testbench: engine_0/trace0_tb.v
SBY  2:09:50 [cal_seq_cover] engine_0: ##   0:00:00  Writing trace to constraints file: engine_0/trace0.smtc
SBY  2:09:50 [cal_seq_cover] engine_0: ##   0:00:00  Writing trace to Yosys witness file: engine_0/trace0.yw
SBY  2:09:50 [cal_seq_cover] engine_0: ##   0:00:00  Checking cover reachability in step 6..
SBY  2:09:50 [cal_seq_cover] engine_0: ##   0:00:00  Checking cover reachability in step 7..
SBY  2:09:50 [cal_seq_cover] engine_0: ##   0:00:00  Checking cover reachability in step 8..
SBY  2:09:50 [cal_seq_cover] engine_0: ##   0:00:00  Reached cover statement in step 8 at cal_seq_wrapper: wrapper.sv:112.13-112.56 (_witness_.check_cover_wrapper_sv_112_41)
SBY  2:09:50 [cal_seq_cover] engine_0: ##   0:00:00  Writing trace to VCD file: engine_0/trace1.vcd
SBY  2:09:50 [cal_seq_cover] engine_0: ##   0:00:00  Writing trace to Verilog testbench: engine_0/trace1_tb.v
SBY  2:09:50 [cal_seq_cover] engine_0: ##   0:00:00  Writing trace to constraints file: engine_0/trace1.smtc
SBY  2:09:50 [cal_seq_cover] engine_0: ##   0:00:00  Writing trace to Yosys witness file: engine_0/trace1.yw
SBY  2:09:50 [cal_seq_cover] engine_0: ##   0:00:00  Checking cover reachability in step 8..
SBY  2:09:50 [cal_seq_cover] engine_0: ##   0:00:00  Reached cover statement in step 8 at cal_seq_wrapper: wrapper.sv:110.13-110.28 (_witness_.check_cover_wrapper_sv_110_37)
SBY  2:09:50 [cal_seq_cover] engine_0: ##   0:00:00  Writing trace to VCD file: engine_0/trace2.vcd
SBY  2:09:50 [cal_seq_cover] engine_0: ##   0:00:00  Writing trace to Verilog testbench: engine_0/trace2_tb.v
SBY  2:09:50 [cal_seq_cover] engine_0: ##   0:00:00  Writing trace to constraints file: engine_0/trace2.smtc
SBY  2:09:50 [cal_seq_cover] engine_0: ##   0:00:00  Writing trace to Yosys witness file: engine_0/trace2.yw
SBY  2:09:50 [cal_seq_cover] engine_0: ##   0:00:00  Status: passed
SBY  2:09:50 [cal_seq_cover] engine_0: finished (returncode=0)
SBY  2:09:50 [cal_seq_cover] engine_0: Status returned by engine: pass
SBY  2:09:50 [cal_seq_cover] summary: Elapsed clock time [H:MM:SS (secs)]: 0:00:00 (0)
SBY  2:09:50 [cal_seq_cover] summary: Elapsed process time [H:MM:SS (secs)]: 0:00:00 (0)
SBY  2:09:50 [cal_seq_cover] summary: engine_0 (smtbmc bitwuzla) returned pass
SBY  2:09:50 [cal_seq_cover] summary: cover trace: cal_seq_cover/engine_0/trace0.vcd
SBY  2:09:50 [cal_seq_cover] summary:   reached cover statement cal_seq_wrapper._witness_.check_cover_wrapper_sv_111_38 at wrapper.sv:111.13-111.56 step 6
SBY  2:09:50 [cal_seq_cover] summary: cover trace: cal_seq_cover/engine_0/trace1.vcd
SBY  2:09:50 [cal_seq_cover] summary:   reached cover statement cal_seq_wrapper._witness_.check_cover_wrapper_sv_112_41 at wrapper.sv:112.13-112.56 step 8
SBY  2:09:50 [cal_seq_cover] summary: cover trace: cal_seq_cover/engine_0/trace2.vcd
SBY  2:09:50 [cal_seq_cover] summary:   reached cover statement cal_seq_wrapper._witness_.check_cover_wrapper_sv_110_37 at wrapper.sv:110.13-110.28 step 8
SBY  2:09:50 [cal_seq_cover] DONE (PASS, rc=0)
</system-out>
<system-err>
</system-err>
</testsuite>
</testsuites>
